  [4;36;1mSQL (0.0ms)[0m   [0;1mSET NAMES 'utf8'[0m
  [4;35;1mSQL (0.0ms)[0m   [0mSET SQL_AUTO_IS_NULL=0[0m
  [4;36;1mSQL (0.0ms)[0m   [0;1mSHOW TABLES[0m
  [4;35;1mSQL (0.0ms)[0m   [0mSELECT version FROM schema_migrations[0m
Migrating to CreateUsers (20091208043004)
Migrating to CreateCities (20091208051656)
Migrating to CreateRegions (20091208052140)
Migrating to CreatePages (20091208052157)
Migrating to CreateTCardTypes (20091209022248)
  [4;36;1mSQL (62.0ms)[0m   [0;1mCREATE TABLE `t_card_types` (`id` int(11) DEFAULT NULL auto_increment PRIMARY KEY, `name1` varchar(255)) ENGINE=InnoDB[0m
  [4;35;1mSQL (16.0ms)[0m   [0mINSERT INTO schema_migrations (version) VALUES ('20091209022248')[0m
  [4;36;1mSQL (16.0ms)[0m   [0;1mSHOW TABLES[0m
  [4;35;1mSQL (0.0ms)[0m   [0mSELECT version FROM schema_migrations[0m
  [4;36;1mSQL (0.0ms)[0m   [0;1mSHOW TABLES[0m
  [4;35;1mSQL (0.0ms)[0m   [0mSHOW FIELDS FROM `cities`[0m
  [4;36;1mSQL (0.0ms)[0m   [0;1mdescribe `cities`[0m
  [4;35;1mSQL (0.0ms)[0m   [0mSHOW KEYS FROM `cities`[0m
  [4;36;1mSQL (16.0ms)[0m   [0;1mSHOW FIELDS FROM `festivlogs`[0m
  [4;35;1mSQL (0.0ms)[0m   [0mdescribe `festivlogs`[0m
  [4;36;1mSQL (0.0ms)[0m   [0;1mSHOW KEYS FROM `festivlogs`[0m
  [4;35;1mSQL (0.0ms)[0m   [0mSHOW FIELDS FROM `pages`[0m
  [4;36;1mSQL (15.0ms)[0m   [0;1mdescribe `pages`[0m
  [4;35;1mSQL (0.0ms)[0m   [0mSHOW KEYS FROM `pages`[0m
  [4;36;1mSQL (0.0ms)[0m   [0;1mSHOW FIELDS FROM `regions`[0m
  [4;35;1mSQL (0.0ms)[0m   [0mdescribe `regions`[0m
  [4;36;1mSQL (0.0ms)[0m   [0;1mSHOW KEYS FROM `regions`[0m
  [4;35;1mSQL (0.0ms)[0m   [0mSHOW FIELDS FROM `roles`[0m
  [4;36;1mSQL (0.0ms)[0m   [0;1mdescribe `roles`[0m
  [4;35;1mSQL (0.0ms)[0m   [0mSHOW KEYS FROM `roles`[0m
  [4;36;1mSQL (0.0ms)[0m   [0;1mSHOW FIELDS FROM `roles_users`[0m
  [4;35;1mSQL (0.0ms)[0m   [0mdescribe `roles_users`[0m
  [4;36;1mSQL (0.0ms)[0m   [0;1mSHOW KEYS FROM `roles_users`[0m
  [4;35;1mSQL (16.0ms)[0m   [0mSHOW FIELDS FROM `smslogs`[0m
  [4;36;1mSQL (0.0ms)[0m   [0;1mdescribe `smslogs`[0m
  [4;35;1mSQL (0.0ms)[0m   [0mSHOW KEYS FROM `smslogs`[0m
  [4;36;1mSQL (0.0ms)[0m   [0;1mSHOW FIELDS FROM `t_business_info`[0m
  [4;35;1mSQL (15.0ms)[0m   [0mdescribe `t_business_info`[0m
  [4;36;1mSQL (0.0ms)[0m   [0;1mSHOW KEYS FROM `t_business_info`[0m
  [4;35;1mSQL (0.0ms)[0m   [0mSHOW FIELDS FROM `t_card_discount`[0m
  [4;36;1mSQL (0.0ms)[0m   [0;1mdescribe `t_card_discount`[0m
  [4;35;1mSQL (0.0ms)[0m   [0mSHOW KEYS FROM `t_card_discount`[0m
  [4;36;1mSQL (0.0ms)[0m   [0;1mSHOW FIELDS FROM `t_card_type`[0m
  [4;35;1mSQL (0.0ms)[0m   [0mdescribe `t_card_type`[0m
  [4;36;1mSQL (0.0ms)[0m   [0;1mSHOW KEYS FROM `t_card_type`[0m
  [4;35;1mSQL (0.0ms)[0m   [0mSHOW FIELDS FROM `t_card_types`[0m
  [4;36;1mSQL (0.0ms)[0m   [0;1mdescribe `t_card_types`[0m
  [4;35;1mSQL (0.0ms)[0m   [0mSHOW KEYS FROM `t_card_types`[0m
  [4;36;1mSQL (0.0ms)[0m   [0;1mSHOW FIELDS FROM `t_card_usage_record`[0m
  [4;35;1mSQL (0.0ms)[0m   [0mdescribe `t_card_usage_record`[0m
  [4;36;1mSQL (16.0ms)[0m   [0;1mSHOW KEYS FROM `t_card_usage_record`[0m
  [4;35;1mSQL (0.0ms)[0m   [0mSHOW FIELDS FROM `t_field_badmintoon`[0m
  [4;36;1mSQL (0.0ms)[0m   [0;1mdescribe `t_field_badmintoon`[0m
  [4;35;1mSQL (0.0ms)[0m   [0mSHOW KEYS FROM `t_field_badmintoon`[0m
  [4;36;1mSQL (16.0ms)[0m   [0;1mSHOW FIELDS FROM `t_field_badmintoon_activity`[0m
  [4;35;1mSQL (0.0ms)[0m   [0mdescribe `t_field_badmintoon_activity`[0m
  [4;36;1mSQL (0.0ms)[0m   [0;1mSHOW KEYS FROM `t_field_badmintoon_activity`[0m
  [4;35;1mSQL (0.0ms)[0m   [0mSHOW FIELDS FROM `t_field_badmintoon_basic_price`[0m
  [4;36;1mSQL (15.0ms)[0m   [0;1mdescribe `t_field_badmintoon_basic_price`[0m
  [4;35;1mSQL (0.0ms)[0m   [0mSHOW KEYS FROM `t_field_badmintoon_basic_price`[0m
  [4;36;1mSQL (0.0ms)[0m   [0;1mSHOW FIELDS FROM `t_field_badmintoon_special_price`[0m
  [4;35;1mSQL (0.0ms)[0m   [0mdescribe `t_field_badmintoon_special_price`[0m
  [4;36;1mSQL (0.0ms)[0m   [0;1mSHOW KEYS FROM `t_field_badmintoon_special_price`[0m
  [4;35;1mSQL (16.0ms)[0m   [0mSHOW FIELDS FROM `t_field_badmintoon_weekend_price`[0m
  [4;36;1mSQL (0.0ms)[0m   [0;1mdescribe `t_field_badmintoon_weekend_price`[0m
  [4;35;1mSQL (0.0ms)[0m   [0mSHOW KEYS FROM `t_field_badmintoon_weekend_price`[0m
  [4;36;1mSQL (0.0ms)[0m   [0;1mSHOW FIELDS FROM `t_field_order`[0m
  [4;35;1mSQL (16.0ms)[0m   [0mdescribe `t_field_order`[0m
  [4;36;1mSQL (0.0ms)[0m   [0;1mSHOW KEYS FROM `t_field_order`[0m
  [4;35;1mSQL (0.0ms)[0m   [0mSHOW FIELDS FROM `t_member_card`[0m
  [4;36;1mSQL (0.0ms)[0m   [0;1mdescribe `t_member_card`[0m
  [4;35;1mSQL (15.0ms)[0m   [0mSHOW KEYS FROM `t_member_card`[0m
  [4;36;1mSQL (0.0ms)[0m   [0;1mSHOW FIELDS FROM `t_sys_user`[0m
  [4;35;1mSQL (0.0ms)[0m   [0mdescribe `t_sys_user`[0m
  [4;36;1mSQL (0.0ms)[0m   [0;1mSHOW KEYS FROM `t_sys_user`[0m
  [4;35;1mSQL (0.0ms)[0m   [0mSHOW FIELDS FROM `t_venue_info`[0m
  [4;36;1mSQL (16.0ms)[0m   [0;1mdescribe `t_venue_info`[0m
  [4;35;1mSQL (0.0ms)[0m   [0mSHOW KEYS FROM `t_venue_info`[0m
  [4;36;1mSQL (0.0ms)[0m   [0;1mSHOW FIELDS FROM `t_venue_member_info`[0m
  [4;35;1mSQL (0.0ms)[0m   [0mdescribe `t_venue_member_info`[0m
  [4;36;1mSQL (0.0ms)[0m   [0;1mSHOW KEYS FROM `t_venue_member_info`[0m
  [4;35;1mSQL (0.0ms)[0m   [0mSHOW FIELDS FROM `t_venue_user`[0m
  [4;36;1mSQL (0.0ms)[0m   [0;1mdescribe `t_venue_user`[0m
  [4;35;1mSQL (0.0ms)[0m   [0mSHOW KEYS FROM `t_venue_user`[0m
  [4;36;1mSQL (16.0ms)[0m   [0;1mSHOW FIELDS FROM `users`[0m
  [4;35;1mSQL (0.0ms)[0m   [0mdescribe `users`[0m
  [4;36;1mSQL (0.0ms)[0m   [0;1mSHOW KEYS FROM `users`[0m
  [4;35;1mSQL (0.0ms)[0m   [0mSHOW FIELDS FROM `venueusurls`[0m
  [4;36;1mSQL (0.0ms)[0m   [0;1mdescribe `venueusurls`[0m
  [4;35;1mSQL (0.0ms)[0m   [0mSHOW KEYS FROM `venueusurls`[0m
  [4;36;1mSQL (0.0ms)[0m   [0;1mSET NAMES 'utf8'[0m
  [4;35;1mSQL (0.0ms)[0m   [0mSET SQL_AUTO_IS_NULL=0[0m


Processing MainController#index (for 127.0.0.1 at 2009-12-09 10:29:50) [GET]
  [4;36;1mTCardType Load (0.0ms)[0m   [0;1mMysql::Error: Table 'exercise-test.t_card_types' doesn't exist: SELECT * FROM `t_card_types` LIMIT 1[0m

ActiveRecord::StatementInvalid (Mysql::Error: Table 'exercise-test.t_card_types' doesn't exist: SELECT * FROM `t_card_types`  LIMIT 1):
  app/controllers/main_controller.rb:8:in `index'
  -e:2:in `load'
  -e:2

Rendered rescues/_trace (63.0ms)
Rendered rescues/_request_and_response (0.0ms)
Rendering rescues/layout (internal_server_error)
  [4;36;1mSQL (0.0ms)[0m   [0;1mSET NAMES 'utf8'[0m
  [4;35;1mSQL (0.0ms)[0m   [0mSET SQL_AUTO_IS_NULL=0[0m


Processing MainController#index (for 127.0.0.1 at 2009-12-09 10:48:37) [GET]
  [4;36;1mTCardType Load (0.0ms)[0m   [0;1mMysql::Error: Table 'exercise-test.t_card_types' doesn't exist: SELECT * FROM `t_card_types` LIMIT 1[0m

ActiveRecord::StatementInvalid (Mysql::Error: Table 'exercise-test.t_card_types' doesn't exist: SELECT * FROM `t_card_types`  LIMIT 1):
  app/controllers/main_controller.rb:8:in `index'
  -e:2:in `load'
  -e:2

Rendered rescues/_trace (78.0ms)
Rendered rescues/_request_and_response (0.0ms)
Rendering rescues/layout (internal_server_error)
  [4;36;1mSQL (0.0ms)[0m   [0;1mSET NAMES 'utf8'[0m
  [4;35;1mSQL (0.0ms)[0m   [0mSET SQL_AUTO_IS_NULL=0[0m
  [4;36;1mTCardType Columns (0.0ms)[0m   [0;1mMysql::Error: Table 'exercise-test.t_card_types' doesn't exist: SHOW FIELDS FROM `t_card_types`[0m
  [4;36;1mSQL (0.0ms)[0m   [0;1mSET NAMES 'utf8'[0m
  [4;35;1mSQL (0.0ms)[0m   [0mSET SQL_AUTO_IS_NULL=0[0m


Processing MainController#index (for 127.0.0.1 at 2009-12-09 10:53:29) [GET]
  [4;36;1mTCardType Load (0.0ms)[0m   [0;1mSELECT * FROM `t_card_type` LIMIT 1[0m
  [4;35;1mTCardType Columns (0.0ms)[0m   [0mSHOW FIELDS FROM `t_card_type`[0m
Rendering template within layouts/application
Rendering main/index
Completed in 187ms (View: 156, DB: 0) | 200 OK [http://127.0.0.1/]
  [4;35;1mTCardType Columns (0.0ms)[0m   [0mMysql::Error: Table 'exercise-test.t_card_types' doesn't exist: SHOW FIELDS FROM `t_card_types`[0m
  [4;36;1mTCardType Columns (0.0ms)[0m   [0;1mMysql::Error: Table 'exercise-test.t_card_types' doesn't exist: SHOW FIELDS FROM `t_card_types`[0m
  [4;36;1mSQL (0.0ms)[0m   [0;1mSET NAMES 'utf8'[0m
  [4;35;1mSQL (0.0ms)[0m   [0mSET SQL_AUTO_IS_NULL=0[0m
  [4;36;1mTCardType Columns (15.0ms)[0m   [0;1mSHOW FIELDS FROM `t_card_type`[0m
  [4;35;1mSQL (0.0ms)[0m   [0mSELECT count(*) AS count_all FROM `t_card_type` [0m
  [4;36;1mSQL (0.0ms)[0m   [0;1mSET NAMES 'utf8'[0m
  [4;35;1mSQL (0.0ms)[0m   [0mSET SQL_AUTO_IS_NULL=0[0m
  [4;36;1mSQL (0.0ms)[0m   [0;1mSHOW TABLES[0m
  [4;35;1mSQL (0.0ms)[0m   [0mSELECT version FROM schema_migrations[0m
Migrating to CreateUsers (20091208043004)
Migrating to CreateCities (20091208051656)
Migrating to CreateRegions (20091208052140)
Migrating to CreatePages (20091208052157)
  [4;36;1mSQL (16.0ms)[0m   [0;1mSHOW TABLES[0m
  [4;35;1mSQL (0.0ms)[0m   [0mSELECT version FROM schema_migrations[0m
  [4;36;1mSQL (0.0ms)[0m   [0;1mSHOW TABLES[0m
  [4;35;1mSQL (0.0ms)[0m   [0mSHOW FIELDS FROM `cities`[0m
  [4;36;1mSQL (0.0ms)[0m   [0;1mdescribe `cities`[0m
  [4;35;1mSQL (0.0ms)[0m   [0mSHOW KEYS FROM `cities`[0m
  [4;36;1mSQL (16.0ms)[0m   [0;1mSHOW FIELDS FROM `festivlogs`[0m
  [4;35;1mSQL (0.0ms)[0m   [0mdescribe `festivlogs`[0m
  [4;36;1mSQL (0.0ms)[0m   [0;1mSHOW KEYS FROM `festivlogs`[0m
  [4;35;1mSQL (0.0ms)[0m   [0mSHOW FIELDS FROM `pages`[0m
  [4;36;1mSQL (0.0ms)[0m   [0;1mdescribe `pages`[0m
  [4;35;1mSQL (0.0ms)[0m   [0mSHOW KEYS FROM `pages`[0m
  [4;36;1mSQL (0.0ms)[0m   [0;1mSHOW FIELDS FROM `regions`[0m
  [4;35;1mSQL (0.0ms)[0m   [0mdescribe `regions`[0m
  [4;36;1mSQL (0.0ms)[0m   [0;1mSHOW KEYS FROM `regions`[0m
  [4;35;1mSQL (16.0ms)[0m   [0mSHOW FIELDS FROM `roles`[0m
  [4;36;1mSQL (0.0ms)[0m   [0;1mdescribe `roles`[0m
  [4;35;1mSQL (0.0ms)[0m   [0mSHOW KEYS FROM `roles`[0m
  [4;36;1mSQL (0.0ms)[0m   [0;1mSHOW FIELDS FROM `roles_users`[0m
  [4;35;1mSQL (0.0ms)[0m   [0mdescribe `roles_users`[0m
  [4;36;1mSQL (0.0ms)[0m   [0;1mSHOW KEYS FROM `roles_users`[0m
  [4;35;1mSQL (16.0ms)[0m   [0mSHOW FIELDS FROM `smslogs`[0m
  [4;36;1mSQL (0.0ms)[0m   [0;1mdescribe `smslogs`[0m
  [4;35;1mSQL (0.0ms)[0m   [0mSHOW KEYS FROM `smslogs`[0m
  [4;36;1mSQL (0.0ms)[0m   [0;1mSHOW FIELDS FROM `t_business_info`[0m
  [4;35;1mSQL (15.0ms)[0m   [0mdescribe `t_business_info`[0m
  [4;36;1mSQL (0.0ms)[0m   [0;1mSHOW KEYS FROM `t_business_info`[0m
  [4;35;1mSQL (0.0ms)[0m   [0mSHOW FIELDS FROM `t_card_discount`[0m
  [4;36;1mSQL (0.0ms)[0m   [0;1mdescribe `t_card_discount`[0m
  [4;35;1mSQL (0.0ms)[0m   [0mSHOW KEYS FROM `t_card_discount`[0m
  [4;36;1mSQL (16.0ms)[0m   [0;1mSHOW FIELDS FROM `t_card_type`[0m
  [4;35;1mSQL (0.0ms)[0m   [0mdescribe `t_card_type`[0m
  [4;36;1mSQL (0.0ms)[0m   [0;1mSHOW KEYS FROM `t_card_type`[0m
  [4;35;1mSQL (0.0ms)[0m   [0mSHOW FIELDS FROM `t_card_usage_record`[0m
  [4;36;1mSQL (15.0ms)[0m   [0;1mdescribe `t_card_usage_record`[0m
  [4;35;1mSQL (0.0ms)[0m   [0mSHOW KEYS FROM `t_card_usage_record`[0m
  [4;36;1mSQL (0.0ms)[0m   [0;1mSHOW FIELDS FROM `t_field_badmintoon`[0m
  [4;35;1mSQL (0.0ms)[0m   [0mdescribe `t_field_badmintoon`[0m
  [4;36;1mSQL (0.0ms)[0m   [0;1mSHOW KEYS FROM `t_field_badmintoon`[0m
  [4;35;1mSQL (16.0ms)[0m   [0mSHOW FIELDS FROM `t_field_badmintoon_activity`[0m
  [4;36;1mSQL (0.0ms)[0m   [0;1mdescribe `t_field_badmintoon_activity`[0m
  [4;35;1mSQL (0.0ms)[0m   [0mSHOW KEYS FROM `t_field_badmintoon_activity`[0m
  [4;36;1mSQL (0.0ms)[0m   [0;1mSHOW FIELDS FROM `t_field_badmintoon_basic_price`[0m
  [4;35;1mSQL (0.0ms)[0m   [0mdescribe `t_field_badmintoon_basic_price`[0m
  [4;36;1mSQL (0.0ms)[0m   [0;1mSHOW KEYS FROM `t_field_badmintoon_basic_price`[0m
  [4;35;1mSQL (0.0ms)[0m   [0mSHOW FIELDS FROM `t_field_badmintoon_special_price`[0m
  [4;36;1mSQL (0.0ms)[0m   [0;1mdescribe `t_field_badmintoon_special_price`[0m
  [4;35;1mSQL (0.0ms)[0m   [0mSHOW KEYS FROM `t_field_badmintoon_special_price`[0m
  [4;36;1mSQL (15.0ms)[0m   [0;1mSHOW FIELDS FROM `t_field_badmintoon_weekend_price`[0m
  [4;35;1mSQL (0.0ms)[0m   [0mdescribe `t_field_badmintoon_weekend_price`[0m
  [4;36;1mSQL (0.0ms)[0m   [0;1mSHOW KEYS FROM `t_field_badmintoon_weekend_price`[0m
  [4;35;1mSQL (0.0ms)[0m   [0mSHOW FIELDS FROM `t_field_order`[0m
  [4;36;1mSQL (16.0ms)[0m   [0;1mdescribe `t_field_order`[0m
  [4;35;1mSQL (0.0ms)[0m   [0mSHOW KEYS FROM `t_field_order`[0m
  [4;36;1mSQL (0.0ms)[0m   [0;1mSHOW FIELDS FROM `t_member_card`[0m
  [4;35;1mSQL (0.0ms)[0m   [0mdescribe `t_member_card`[0m
  [4;36;1mSQL (0.0ms)[0m   [0;1mSHOW KEYS FROM `t_member_card`[0m
  [4;35;1mSQL (16.0ms)[0m   [0mSHOW FIELDS FROM `t_sys_user`[0m
  [4;36;1mSQL (0.0ms)[0m   [0;1mdescribe `t_sys_user`[0m
  [4;35;1mSQL (0.0ms)[0m   [0mSHOW KEYS FROM `t_sys_user`[0m
  [4;36;1mSQL (0.0ms)[0m   [0;1mSHOW FIELDS FROM `t_venue_info`[0m
  [4;35;1mSQL (15.0ms)[0m   [0mdescribe `t_venue_info`[0m
  [4;36;1mSQL (0.0ms)[0m   [0;1mSHOW KEYS FROM `t_venue_info`[0m
  [4;35;1mSQL (0.0ms)[0m   [0mSHOW FIELDS FROM `t_venue_member_info`[0m
  [4;36;1mSQL (0.0ms)[0m   [0;1mdescribe `t_venue_member_info`[0m
  [4;35;1mSQL (0.0ms)[0m   [0mSHOW KEYS FROM `t_venue_member_info`[0m
  [4;36;1mSQL (16.0ms)[0m   [0;1mSHOW FIELDS FROM `t_venue_user`[0m
  [4;35;1mSQL (0.0ms)[0m   [0mdescribe `t_venue_user`[0m
  [4;36;1mSQL (0.0ms)[0m   [0;1mSHOW KEYS FROM `t_venue_user`[0m
  [4;35;1mSQL (0.0ms)[0m   [0mSHOW FIELDS FROM `users`[0m
  [4;36;1mSQL (15.0ms)[0m   [0;1mdescribe `users`[0m
  [4;35;1mSQL (0.0ms)[0m   [0mSHOW KEYS FROM `users`[0m
  [4;36;1mSQL (0.0ms)[0m   [0;1mSHOW FIELDS FROM `venueusurls`[0m
  [4;35;1mSQL (0.0ms)[0m   [0mdescribe `venueusurls`[0m
  [4;36;1mSQL (0.0ms)[0m   [0;1mSHOW KEYS FROM `venueusurls`[0m
  [4;36;1mSQL (0.0ms)[0m   [0;1mSET NAMES 'utf8'[0m
  [4;35;1mSQL (0.0ms)[0m   [0mSET SQL_AUTO_IS_NULL=0[0m
  [4;36;1mSQL (0.0ms)[0m   [0;1mSHOW TABLES[0m
  [4;35;1mSQL (0.0ms)[0m   [0mSELECT version FROM schema_migrations[0m
Migrating to CreateUsers (20091208043004)
Migrating to CreateCities (20091208051656)
Migrating to CreateRegions (20091208052140)
Migrating to CreatePages (20091208052157)
  [4;36;1mSQL (0.0ms)[0m   [0;1mSHOW TABLES[0m
  [4;35;1mSQL (0.0ms)[0m   [0mSELECT version FROM schema_migrations[0m
  [4;36;1mSQL (0.0ms)[0m   [0;1mSHOW TABLES[0m
  [4;35;1mSQL (0.0ms)[0m   [0mSHOW FIELDS FROM `cities`[0m
  [4;36;1mSQL (0.0ms)[0m   [0;1mdescribe `cities`[0m
  [4;35;1mSQL (0.0ms)[0m   [0mSHOW KEYS FROM `cities`[0m
  [4;36;1mSQL (0.0ms)[0m   [0;1mSHOW FIELDS FROM `festivlogs`[0m
  [4;35;1mSQL (16.0ms)[0m   [0mdescribe `festivlogs`[0m
  [4;36;1mSQL (0.0ms)[0m   [0;1mSHOW KEYS FROM `festivlogs`[0m
  [4;35;1mSQL (0.0ms)[0m   [0mSHOW FIELDS FROM `pages`[0m
  [4;36;1mSQL (0.0ms)[0m   [0;1mdescribe `pages`[0m
  [4;35;1mSQL (0.0ms)[0m   [0mSHOW KEYS FROM `pages`[0m
  [4;36;1mSQL (0.0ms)[0m   [0;1mSHOW FIELDS FROM `regions`[0m
  [4;35;1mSQL (0.0ms)[0m   [0mdescribe `regions`[0m
  [4;36;1mSQL (0.0ms)[0m   [0;1mSHOW KEYS FROM `regions`[0m
  [4;35;1mSQL (0.0ms)[0m   [0mSHOW FIELDS FROM `roles`[0m
  [4;36;1mSQL (0.0ms)[0m   [0;1mdescribe `roles`[0m
  [4;35;1mSQL (0.0ms)[0m   [0mSHOW KEYS FROM `roles`[0m
  [4;36;1mSQL (0.0ms)[0m   [0;1mSHOW FIELDS FROM `roles_users`[0m
  [4;35;1mSQL (0.0ms)[0m   [0mdescribe `roles_users`[0m
  [4;36;1mSQL (0.0ms)[0m   [0;1mSHOW KEYS FROM `roles_users`[0m
  [4;35;1mSQL (0.0ms)[0m   [0mSHOW FIELDS FROM `smslogs`[0m
  [4;36;1mSQL (0.0ms)[0m   [0;1mdescribe `smslogs`[0m
  [4;35;1mSQL (0.0ms)[0m   [0mSHOW KEYS FROM `smslogs`[0m
  [4;36;1mSQL (0.0ms)[0m   [0;1mSHOW FIELDS FROM `t_business_info`[0m
  [4;35;1mSQL (16.0ms)[0m   [0mdescribe `t_business_info`[0m
  [4;36;1mSQL (0.0ms)[0m   [0;1mSHOW KEYS FROM `t_business_info`[0m
  [4;35;1mSQL (0.0ms)[0m   [0mSHOW FIELDS FROM `t_card_discount`[0m
  [4;36;1mSQL (0.0ms)[0m   [0;1mdescribe `t_card_discount`[0m
  [4;35;1mSQL (0.0ms)[0m   [0mSHOW KEYS FROM `t_card_discount`[0m
  [4;36;1mSQL (0.0ms)[0m   [0;1mSHOW FIELDS FROM `t_card_type`[0m
  [4;35;1mSQL (15.0ms)[0m   [0mdescribe `t_card_type`[0m
  [4;36;1mSQL (0.0ms)[0m   [0;1mSHOW KEYS FROM `t_card_type`[0m
  [4;35;1mSQL (0.0ms)[0m   [0mSHOW FIELDS FROM `t_card_usage_record`[0m
  [4;36;1mSQL (0.0ms)[0m   [0;1mdescribe `t_card_usage_record`[0m
  [4;35;1mSQL (0.0ms)[0m   [0mSHOW KEYS FROM `t_card_usage_record`[0m
  [4;36;1mSQL (16.0ms)[0m   [0;1mSHOW FIELDS FROM `t_field_badmintoon`[0m
  [4;35;1mSQL (0.0ms)[0m   [0mdescribe `t_field_badmintoon`[0m
  [4;36;1mSQL (0.0ms)[0m   [0;1mSHOW KEYS FROM `t_field_badmintoon`[0m
  [4;35;1mSQL (0.0ms)[0m   [0mSHOW FIELDS FROM `t_field_badmintoon_activity`[0m
  [4;36;1mSQL (0.0ms)[0m   [0;1mdescribe `t_field_badmintoon_activity`[0m
  [4;35;1mSQL (0.0ms)[0m   [0mSHOW KEYS FROM `t_field_badmintoon_activity`[0m
  [4;36;1mSQL (15.0ms)[0m   [0;1mSHOW FIELDS FROM `t_field_badmintoon_basic_price`[0m
  [4;35;1mSQL (0.0ms)[0m   [0mdescribe `t_field_badmintoon_basic_price`[0m
  [4;36;1mSQL (0.0ms)[0m   [0;1mSHOW KEYS FROM `t_field_badmintoon_basic_price`[0m
  [4;35;1mSQL (0.0ms)[0m   [0mSHOW FIELDS FROM `t_field_badmintoon_special_price`[0m
  [4;36;1mSQL (0.0ms)[0m   [0;1mdescribe `t_field_badmintoon_special_price`[0m
  [4;35;1mSQL (16.0ms)[0m   [0mSHOW KEYS FROM `t_field_badmintoon_special_price`[0m
  [4;36;1mSQL (0.0ms)[0m   [0;1mSHOW FIELDS FROM `t_field_badmintoon_weekend_price`[0m
  [4;35;1mSQL (0.0ms)[0m   [0mdescribe `t_field_badmintoon_weekend_price`[0m
  [4;36;1mSQL (0.0ms)[0m   [0;1mSHOW KEYS FROM `t_field_badmintoon_weekend_price`[0m
  [4;35;1mSQL (0.0ms)[0m   [0mSHOW FIELDS FROM `t_field_order`[0m
  [4;36;1mSQL (16.0ms)[0m   [0;1mdescribe `t_field_order`[0m
  [4;35;1mSQL (0.0ms)[0m   [0mSHOW KEYS FROM `t_field_order`[0m
  [4;36;1mSQL (0.0ms)[0m   [0;1mSHOW FIELDS FROM `t_member_card`[0m
  [4;35;1mSQL (0.0ms)[0m   [0mdescribe `t_member_card`[0m
  [4;36;1mSQL (0.0ms)[0m   [0;1mSHOW KEYS FROM `t_member_card`[0m
  [4;35;1mSQL (0.0ms)[0m   [0mSHOW FIELDS FROM `t_sys_user`[0m
  [4;36;1mSQL (0.0ms)[0m   [0;1mdescribe `t_sys_user`[0m
  [4;35;1mSQL (0.0ms)[0m   [0mSHOW KEYS FROM `t_sys_user`[0m
  [4;36;1mSQL (0.0ms)[0m   [0;1mSHOW FIELDS FROM `t_venue_info`[0m
  [4;35;1mSQL (0.0ms)[0m   [0mdescribe `t_venue_info`[0m
  [4;36;1mSQL (0.0ms)[0m   [0;1mSHOW KEYS FROM `t_venue_info`[0m
  [4;35;1mSQL (16.0ms)[0m   [0mSHOW FIELDS FROM `t_venue_member_info`[0m
  [4;36;1mSQL (0.0ms)[0m   [0;1mdescribe `t_venue_member_info`[0m
  [4;35;1mSQL (0.0ms)[0m   [0mSHOW KEYS FROM `t_venue_member_info`[0m
  [4;36;1mSQL (0.0ms)[0m   [0;1mSHOW FIELDS FROM `t_venue_user`[0m
  [4;35;1mSQL (16.0ms)[0m   [0mdescribe `t_venue_user`[0m
  [4;36;1mSQL (0.0ms)[0m   [0;1mSHOW KEYS FROM `t_venue_user`[0m
  [4;35;1mSQL (0.0ms)[0m   [0mSHOW FIELDS FROM `venueusurls`[0m
  [4;36;1mSQL (0.0ms)[0m   [0;1mdescribe `venueusurls`[0m
  [4;35;1mSQL (0.0ms)[0m   [0mSHOW KEYS FROM `venueusurls`[0m
  [4;36;1mSQL (0.0ms)[0m   [0;1mSET NAMES 'utf8'[0m
  [4;35;1mSQL (0.0ms)[0m   [0mSET SQL_AUTO_IS_NULL=0[0m
  [4;36;1mSQL (0.0ms)[0m   [0;1mSHOW TABLES[0m
  [4;35;1mSQL (0.0ms)[0m   [0mSELECT version FROM schema_migrations[0m
Migrating to CreateUsers (20091208043004)
Migrating to CreateCities (20091208051656)
Migrating to CreateRegions (20091208052140)
Migrating to CreatePages (20091208052157)
  [4;36;1mSQL (0.0ms)[0m   [0;1mSHOW TABLES[0m
  [4;35;1mSQL (0.0ms)[0m   [0mSELECT version FROM schema_migrations[0m
  [4;36;1mSQL (0.0ms)[0m   [0;1mSHOW TABLES[0m
  [4;35;1mSQL (16.0ms)[0m   [0mSHOW FIELDS FROM `cities`[0m
  [4;36;1mSQL (0.0ms)[0m   [0;1mdescribe `cities`[0m
  [4;35;1mSQL (0.0ms)[0m   [0mSHOW KEYS FROM `cities`[0m
  [4;36;1mSQL (0.0ms)[0m   [0;1mSHOW FIELDS FROM `festivlogs`[0m
  [4;35;1mSQL (15.0ms)[0m   [0mdescribe `festivlogs`[0m
  [4;36;1mSQL (0.0ms)[0m   [0;1mSHOW KEYS FROM `festivlogs`[0m
  [4;35;1mSQL (0.0ms)[0m   [0mSHOW FIELDS FROM `pages`[0m
  [4;36;1mSQL (0.0ms)[0m   [0;1mdescribe `pages`[0m
  [4;35;1mSQL (0.0ms)[0m   [0mSHOW KEYS FROM `pages`[0m
  [4;36;1mSQL (0.0ms)[0m   [0;1mSHOW FIELDS FROM `regions`[0m
  [4;35;1mSQL (16.0ms)[0m   [0mdescribe `regions`[0m
  [4;36;1mSQL (0.0ms)[0m   [0;1mSHOW KEYS FROM `regions`[0m
  [4;35;1mSQL (0.0ms)[0m   [0mSHOW FIELDS FROM `roles`[0m
  [4;36;1mSQL (0.0ms)[0m   [0;1mdescribe `roles`[0m
  [4;35;1mSQL (0.0ms)[0m   [0mSHOW KEYS FROM `roles`[0m
  [4;36;1mSQL (0.0ms)[0m   [0;1mSHOW FIELDS FROM `roles_users`[0m
  [4;35;1mSQL (15.0ms)[0m   [0mdescribe `roles_users`[0m
  [4;36;1mSQL (0.0ms)[0m   [0;1mSHOW KEYS FROM `roles_users`[0m
  [4;35;1mSQL (0.0ms)[0m   [0mSHOW FIELDS FROM `smslogs`[0m
  [4;36;1mSQL (0.0ms)[0m   [0;1mdescribe `smslogs`[0m
  [4;35;1mSQL (0.0ms)[0m   [0mSHOW KEYS FROM `smslogs`[0m
  [4;36;1mSQL (0.0ms)[0m   [0;1mSHOW FIELDS FROM `t_business_info`[0m
  [4;35;1mSQL (16.0ms)[0m   [0mdescribe `t_business_info`[0m
  [4;36;1mSQL (0.0ms)[0m   [0;1mSHOW KEYS FROM `t_business_info`[0m
  [4;35;1mSQL (0.0ms)[0m   [0mSHOW FIELDS FROM `t_card_discount`[0m
  [4;36;1mSQL (0.0ms)[0m   [0;1mdescribe `t_card_discount`[0m
  [4;35;1mSQL (0.0ms)[0m   [0mSHOW KEYS FROM `t_card_discount`[0m
  [4;36;1mSQL (0.0ms)[0m   [0;1mSHOW FIELDS FROM `t_card_type`[0m
  [4;35;1mSQL (0.0ms)[0m   [0mdescribe `t_card_type`[0m
  [4;36;1mSQL (0.0ms)[0m   [0;1mSHOW KEYS FROM `t_card_type`[0m
  [4;35;1mSQL (0.0ms)[0m   [0mSHOW FIELDS FROM `t_card_usage_record`[0m
  [4;36;1mSQL (0.0ms)[0m   [0;1mdescribe `t_card_usage_record`[0m
  [4;35;1mSQL (0.0ms)[0m   [0mSHOW KEYS FROM `t_card_usage_record`[0m
  [4;36;1mSQL (15.0ms)[0m   [0;1mSHOW FIELDS FROM `t_field_badmintoon`[0m
  [4;35;1mSQL (0.0ms)[0m   [0mdescribe `t_field_badmintoon`[0m
  [4;36;1mSQL (0.0ms)[0m   [0;1mSHOW KEYS FROM `t_field_badmintoon`[0m
  [4;35;1mSQL (0.0ms)[0m   [0mSHOW FIELDS FROM `t_field_badmintoon_activity`[0m
  [4;36;1mSQL (0.0ms)[0m   [0;1mdescribe `t_field_badmintoon_activity`[0m
  [4;35;1mSQL (0.0ms)[0m   [0mSHOW KEYS FROM `t_field_badmintoon_activity`[0m
  [4;36;1mSQL (0.0ms)[0m   [0;1mSHOW FIELDS FROM `t_field_badmintoon_basic_price`[0m
  [4;35;1mSQL (0.0ms)[0m   [0mdescribe `t_field_badmintoon_basic_price`[0m
  [4;36;1mSQL (0.0ms)[0m   [0;1mSHOW KEYS FROM `t_field_badmintoon_basic_price`[0m
  [4;35;1mSQL (0.0ms)[0m   [0mSHOW FIELDS FROM `t_field_badmintoon_special_price`[0m
  [4;36;1mSQL (0.0ms)[0m   [0;1mdescribe `t_field_badmintoon_special_price`[0m
  [4;35;1mSQL (0.0ms)[0m   [0mSHOW KEYS FROM `t_field_badmintoon_special_price`[0m
  [4;36;1mSQL (0.0ms)[0m   [0;1mSHOW FIELDS FROM `t_field_badmintoon_weekend_price`[0m
  [4;35;1mSQL (0.0ms)[0m   [0mdescribe `t_field_badmintoon_weekend_price`[0m
  [4;36;1mSQL (0.0ms)[0m   [0;1mSHOW KEYS FROM `t_field_badmintoon_weekend_price`[0m
  [4;35;1mSQL (0.0ms)[0m   [0mSHOW FIELDS FROM `t_field_order`[0m
  [4;36;1mSQL (15.0ms)[0m   [0;1mdescribe `t_field_order`[0m
  [4;35;1mSQL (0.0ms)[0m   [0mSHOW KEYS FROM `t_field_order`[0m
  [4;36;1mSQL (0.0ms)[0m   [0;1mSHOW FIELDS FROM `t_member_card`[0m
  [4;35;1mSQL (0.0ms)[0m   [0mdescribe `t_member_card`[0m
  [4;36;1mSQL (0.0ms)[0m   [0;1mSHOW KEYS FROM `t_member_card`[0m
  [4;35;1mSQL (0.0ms)[0m   [0mSHOW FIELDS FROM `t_sys_user`[0m
  [4;36;1mSQL (0.0ms)[0m   [0;1mdescribe `t_sys_user`[0m
  [4;35;1mSQL (0.0ms)[0m   [0mSHOW KEYS FROM `t_sys_user`[0m
  [4;36;1mSQL (0.0ms)[0m   [0;1mSHOW FIELDS FROM `t_venue_info`[0m
  [4;35;1mSQL (0.0ms)[0m   [0mdescribe `t_venue_info`[0m
  [4;36;1mSQL (0.0ms)[0m   [0;1mSHOW KEYS FROM `t_venue_info`[0m
  [4;35;1mSQL (15.0ms)[0m   [0mSHOW FIELDS FROM `t_venue_member_info`[0m
  [4;36;1mSQL (0.0ms)[0m   [0;1mdescribe `t_venue_member_info`[0m
  [4;35;1mSQL (0.0ms)[0m   [0mSHOW KEYS FROM `t_venue_member_info`[0m
  [4;36;1mSQL (0.0ms)[0m   [0;1mSHOW FIELDS FROM `t_venue_user`[0m
  [4;35;1mSQL (16.0ms)[0m   [0mdescribe `t_venue_user`[0m
  [4;36;1mSQL (0.0ms)[0m   [0;1mSHOW KEYS FROM `t_venue_user`[0m
  [4;35;1mSQL (0.0ms)[0m   [0mSHOW FIELDS FROM `venueusurls`[0m
  [4;36;1mSQL (0.0ms)[0m   [0;1mdescribe `venueusurls`[0m
  [4;35;1mSQL (0.0ms)[0m   [0mSHOW KEYS FROM `venueusurls`[0m
  [4;36;1mSQL (0.0ms)[0m   [0;1mSET NAMES 'utf8'[0m
  [4;35;1mSQL (0.0ms)[0m   [0mSET SQL_AUTO_IS_NULL=0[0m
  [4;36;1mSQL (0.0ms)[0m   [0;1mSHOW TABLES[0m
  [4;35;1mSQL (0.0ms)[0m   [0mSELECT version FROM schema_migrations[0m
Migrating to CreateUsers (20091208043004)
Migrating to CreateCities (20091208051656)
Migrating to CreateRegions (20091208052140)
Migrating to CreatePages (20091208052157)
  [4;36;1mSQL (0.0ms)[0m   [0;1mSHOW TABLES[0m
  [4;35;1mSQL (0.0ms)[0m   [0mSELECT version FROM schema_migrations[0m
  [4;36;1mSQL (0.0ms)[0m   [0;1mSHOW TABLES[0m
  [4;35;1mSQL (16.0ms)[0m   [0mSHOW FIELDS FROM `cities`[0m
  [4;36;1mSQL (0.0ms)[0m   [0;1mdescribe `cities`[0m
  [4;35;1mSQL (0.0ms)[0m   [0mSHOW KEYS FROM `cities`[0m
  [4;36;1mSQL (0.0ms)[0m   [0;1mSHOW FIELDS FROM `festivlogs`[0m
  [4;35;1mSQL (0.0ms)[0m   [0mdescribe `festivlogs`[0m
  [4;36;1mSQL (0.0ms)[0m   [0;1mSHOW KEYS FROM `festivlogs`[0m
  [4;35;1mSQL (15.0ms)[0m   [0mSHOW FIELDS FROM `pages`[0m
  [4;36;1mSQL (0.0ms)[0m   [0;1mdescribe `pages`[0m
  [4;35;1mSQL (0.0ms)[0m   [0mSHOW KEYS FROM `pages`[0m
  [4;36;1mSQL (0.0ms)[0m   [0;1mSHOW FIELDS FROM `regions`[0m
  [4;35;1mSQL (0.0ms)[0m   [0mdescribe `regions`[0m
  [4;36;1mSQL (0.0ms)[0m   [0;1mSHOW KEYS FROM `regions`[0m
  [4;35;1mSQL (16.0ms)[0m   [0mSHOW FIELDS FROM `roles`[0m
  [4;36;1mSQL (0.0ms)[0m   [0;1mdescribe `roles`[0m
  [4;35;1mSQL (0.0ms)[0m   [0mSHOW KEYS FROM `roles`[0m
  [4;36;1mSQL (0.0ms)[0m   [0;1mSHOW FIELDS FROM `roles_users`[0m
  [4;35;1mSQL (0.0ms)[0m   [0mdescribe `roles_users`[0m
  [4;36;1mSQL (0.0ms)[0m   [0;1mSHOW KEYS FROM `roles_users`[0m
  [4;35;1mSQL (0.0ms)[0m   [0mSHOW FIELDS FROM `smslogs`[0m
  [4;36;1mSQL (0.0ms)[0m   [0;1mdescribe `smslogs`[0m
  [4;35;1mSQL (0.0ms)[0m   [0mSHOW KEYS FROM `smslogs`[0m
  [4;36;1mSQL (0.0ms)[0m   [0;1mSHOW FIELDS FROM `t_business_info`[0m
  [4;35;1mSQL (0.0ms)[0m   [0mdescribe `t_business_info`[0m
  [4;36;1mSQL (16.0ms)[0m   [0;1mSHOW KEYS FROM `t_business_info`[0m
  [4;35;1mSQL (0.0ms)[0m   [0mSHOW FIELDS FROM `t_card_discount`[0m
  [4;36;1mSQL (0.0ms)[0m   [0;1mdescribe `t_card_discount`[0m
  [4;35;1mSQL (0.0ms)[0m   [0mSHOW KEYS FROM `t_card_discount`[0m
  [4;36;1mSQL (0.0ms)[0m   [0;1mSHOW FIELDS FROM `t_card_type`[0m
  [4;35;1mSQL (0.0ms)[0m   [0mdescribe `t_card_type`[0m
  [4;36;1mSQL (0.0ms)[0m   [0;1mSHOW KEYS FROM `t_card_type`[0m
  [4;35;1mSQL (0.0ms)[0m   [0mSHOW FIELDS FROM `t_card_usage_record`[0m
  [4;36;1mSQL (0.0ms)[0m   [0;1mdescribe `t_card_usage_record`[0m
  [4;35;1mSQL (0.0ms)[0m   [0mSHOW KEYS FROM `t_card_usage_record`[0m
  [4;36;1mSQL (0.0ms)[0m   [0;1mSHOW FIELDS FROM `t_field_badmintoon`[0m
  [4;35;1mSQL (15.0ms)[0m   [0mdescribe `t_field_badmintoon`[0m
  [4;36;1mSQL (0.0ms)[0m   [0;1mSHOW KEYS FROM `t_field_badmintoon`[0m
  [4;35;1mSQL (0.0ms)[0m   [0mSHOW FIELDS FROM `t_field_badmintoon_activity`[0m
  [4;36;1mSQL (0.0ms)[0m   [0;1mdescribe `t_field_badmintoon_activity`[0m
  [4;35;1mSQL (0.0ms)[0m   [0mSHOW KEYS FROM `t_field_badmintoon_activity`[0m
  [4;36;1mSQL (0.0ms)[0m   [0;1mSHOW FIELDS FROM `t_field_badmintoon_basic_price`[0m
  [4;35;1mSQL (0.0ms)[0m   [0mdescribe `t_field_badmintoon_basic_price`[0m
  [4;36;1mSQL (0.0ms)[0m   [0;1mSHOW KEYS FROM `t_field_badmintoon_basic_price`[0m
  [4;35;1mSQL (0.0ms)[0m   [0mSHOW FIELDS FROM `t_field_badmintoon_special_price`[0m
  [4;36;1mSQL (0.0ms)[0m   [0;1mdescribe `t_field_badmintoon_special_price`[0m
  [4;35;1mSQL (0.0ms)[0m   [0mSHOW KEYS FROM `t_field_badmintoon_special_price`[0m
  [4;36;1mSQL (16.0ms)[0m   [0;1mSHOW FIELDS FROM `t_field_badmintoon_weekend_price`[0m
  [4;35;1mSQL (0.0ms)[0m   [0mdescribe `t_field_badmintoon_weekend_price`[0m
  [4;36;1mSQL (0.0ms)[0m   [0;1mSHOW KEYS FROM `t_field_badmintoon_weekend_price`[0m
  [4;35;1mSQL (0.0ms)[0m   [0mSHOW FIELDS FROM `t_field_order`[0m
  [4;36;1mSQL (0.0ms)[0m   [0;1mdescribe `t_field_order`[0m
  [4;35;1mSQL (15.0ms)[0m   [0mSHOW KEYS FROM `t_field_order`[0m
  [4;36;1mSQL (0.0ms)[0m   [0;1mSHOW FIELDS FROM `t_member_card`[0m
  [4;35;1mSQL (0.0ms)[0m   [0mdescribe `t_member_card`[0m
  [4;36;1mSQL (0.0ms)[0m   [0;1mSHOW KEYS FROM `t_member_card`[0m
  [4;35;1mSQL (0.0ms)[0m   [0mSHOW FIELDS FROM `t_sys_user`[0m
  [4;36;1mSQL (16.0ms)[0m   [0;1mdescribe `t_sys_user`[0m
  [4;35;1mSQL (0.0ms)[0m   [0mSHOW KEYS FROM `t_sys_user`[0m
  [4;36;1mSQL (0.0ms)[0m   [0;1mSHOW FIELDS FROM `t_venue_info`[0m
  [4;35;1mSQL (0.0ms)[0m   [0mdescribe `t_venue_info`[0m
  [4;36;1mSQL (0.0ms)[0m   [0;1mSHOW KEYS FROM `t_venue_info`[0m
  [4;35;1mSQL (15.0ms)[0m   [0mSHOW FIELDS FROM `t_venue_member_info`[0m
  [4;36;1mSQL (0.0ms)[0m   [0;1mdescribe `t_venue_member_info`[0m
  [4;35;1mSQL (0.0ms)[0m   [0mSHOW KEYS FROM `t_venue_member_info`[0m
  [4;36;1mSQL (0.0ms)[0m   [0;1mSHOW FIELDS FROM `t_venue_user`[0m
  [4;35;1mSQL (0.0ms)[0m   [0mdescribe `t_venue_user`[0m
  [4;36;1mSQL (16.0ms)[0m   [0;1mSHOW KEYS FROM `t_venue_user`[0m
  [4;35;1mSQL (0.0ms)[0m   [0mSHOW FIELDS FROM `venueusurls`[0m
  [4;36;1mSQL (0.0ms)[0m   [0;1mdescribe `venueusurls`[0m
  [4;35;1mSQL (0.0ms)[0m   [0mSHOW KEYS FROM `venueusurls`[0m
  [4;36;1mSQL (0.0ms)[0m   [0;1mSET NAMES 'utf8'[0m
  [4;35;1mSQL (0.0ms)[0m   [0mSET SQL_AUTO_IS_NULL=0[0m
  [4;36;1mSQL (0.0ms)[0m   [0;1mSHOW TABLES[0m
  [4;35;1mSQL (0.0ms)[0m   [0mSELECT version FROM schema_migrations[0m
Migrating to CreateUsers (20091208043004)
Migrating to CreateCities (20091208051656)
Migrating to CreateRegions (20091208052140)
Migrating to CreatePages (20091208052157)
  [4;36;1mSQL (0.0ms)[0m   [0;1mSHOW TABLES[0m
  [4;35;1mSQL (0.0ms)[0m   [0mSELECT version FROM schema_migrations[0m
  [4;36;1mSQL (0.0ms)[0m   [0;1mSHOW TABLES[0m
  [4;35;1mSQL (0.0ms)[0m   [0mSHOW FIELDS FROM `festivlogs`[0m
  [4;36;1mSQL (16.0ms)[0m   [0;1mdescribe `festivlogs`[0m
  [4;35;1mSQL (0.0ms)[0m   [0mSHOW KEYS FROM `festivlogs`[0m
  [4;36;1mSQL (0.0ms)[0m   [0;1mSHOW FIELDS FROM `roles`[0m
  [4;35;1mSQL (0.0ms)[0m   [0mdescribe `roles`[0m
  [4;36;1mSQL (0.0ms)[0m   [0;1mSHOW KEYS FROM `roles`[0m
  [4;35;1mSQL (0.0ms)[0m   [0mSHOW FIELDS FROM `roles_users`[0m
  [4;36;1mSQL (16.0ms)[0m   [0;1mdescribe `roles_users`[0m
  [4;35;1mSQL (0.0ms)[0m   [0mSHOW KEYS FROM `roles_users`[0m
  [4;36;1mSQL (0.0ms)[0m   [0;1mSHOW FIELDS FROM `smslogs`[0m
  [4;35;1mSQL (0.0ms)[0m   [0mdescribe `smslogs`[0m
  [4;36;1mSQL (0.0ms)[0m   [0;1mSHOW KEYS FROM `smslogs`[0m
  [4;35;1mSQL (0.0ms)[0m   [0mSHOW FIELDS FROM `t_business_info`[0m
  [4;36;1mSQL (15.0ms)[0m   [0;1mdescribe `t_business_info`[0m
  [4;35;1mSQL (0.0ms)[0m   [0mSHOW KEYS FROM `t_business_info`[0m
  [4;36;1mSQL (0.0ms)[0m   [0;1mSHOW FIELDS FROM `t_card_discount`[0m
  [4;35;1mSQL (0.0ms)[0m   [0mdescribe `t_card_discount`[0m
  [4;36;1mSQL (0.0ms)[0m   [0;1mSHOW KEYS FROM `t_card_discount`[0m
  [4;35;1mSQL (0.0ms)[0m   [0mSHOW FIELDS FROM `t_card_type`[0m
  [4;36;1mSQL (0.0ms)[0m   [0;1mdescribe `t_card_type`[0m
  [4;35;1mSQL (0.0ms)[0m   [0mSHOW KEYS FROM `t_card_type`[0m
  [4;36;1mSQL (0.0ms)[0m   [0;1mSHOW FIELDS FROM `t_card_usage_record`[0m
  [4;35;1mSQL (0.0ms)[0m   [0mdescribe `t_card_usage_record`[0m
  [4;36;1mSQL (0.0ms)[0m   [0;1mSHOW KEYS FROM `t_card_usage_record`[0m
  [4;35;1mSQL (15.0ms)[0m   [0mSHOW FIELDS FROM `t_field_badmintoon`[0m
  [4;36;1mSQL (0.0ms)[0m   [0;1mdescribe `t_field_badmintoon`[0m
  [4;35;1mSQL (0.0ms)[0m   [0mSHOW KEYS FROM `t_field_badmintoon`[0m
  [4;36;1mSQL (0.0ms)[0m   [0;1mSHOW FIELDS FROM `t_field_badmintoon_activity`[0m
  [4;35;1mSQL (0.0ms)[0m   [0mdescribe `t_field_badmintoon_activity`[0m
  [4;36;1mSQL (16.0ms)[0m   [0;1mSHOW KEYS FROM `t_field_badmintoon_activity`[0m
  [4;35;1mSQL (0.0ms)[0m   [0mSHOW FIELDS FROM `t_field_badmintoon_basic_price`[0m
  [4;36;1mSQL (0.0ms)[0m   [0;1mdescribe `t_field_badmintoon_basic_price`[0m
  [4;35;1mSQL (0.0ms)[0m   [0mSHOW KEYS FROM `t_field_badmintoon_basic_price`[0m
  [4;36;1mSQL (0.0ms)[0m   [0;1mSHOW FIELDS FROM `t_field_badmintoon_special_price`[0m
  [4;35;1mSQL (0.0ms)[0m   [0mdescribe `t_field_badmintoon_special_price`[0m
  [4;36;1mSQL (0.0ms)[0m   [0;1mSHOW KEYS FROM `t_field_badmintoon_special_price`[0m
  [4;35;1mSQL (0.0ms)[0m   [0mSHOW FIELDS FROM `t_field_badmintoon_weekend_price`[0m
  [4;36;1mSQL (0.0ms)[0m   [0;1mdescribe `t_field_badmintoon_weekend_price`[0m
  [4;35;1mSQL (0.0ms)[0m   [0mSHOW KEYS FROM `t_field_badmintoon_weekend_price`[0m
  [4;36;1mSQL (0.0ms)[0m   [0;1mSHOW FIELDS FROM `t_field_order`[0m
  [4;35;1mSQL (15.0ms)[0m   [0mdescribe `t_field_order`[0m
  [4;36;1mSQL (0.0ms)[0m   [0;1mSHOW KEYS FROM `t_field_order`[0m
  [4;35;1mSQL (0.0ms)[0m   [0mSHOW FIELDS FROM `t_member_card`[0m
  [4;36;1mSQL (0.0ms)[0m   [0;1mdescribe `t_member_card`[0m
  [4;35;1mSQL (0.0ms)[0m   [0mSHOW KEYS FROM `t_member_card`[0m
  [4;36;1mSQL (0.0ms)[0m   [0;1mSHOW FIELDS FROM `t_sys_user`[0m
  [4;35;1mSQL (0.0ms)[0m   [0mdescribe `t_sys_user`[0m
  [4;36;1mSQL (0.0ms)[0m   [0;1mSHOW KEYS FROM `t_sys_user`[0m
  [4;35;1mSQL (0.0ms)[0m   [0mSHOW FIELDS FROM `t_venue_info`[0m
  [4;36;1mSQL (0.0ms)[0m   [0;1mdescribe `t_venue_info`[0m
  [4;35;1mSQL (0.0ms)[0m   [0mSHOW KEYS FROM `t_venue_info`[0m
  [4;36;1mSQL (16.0ms)[0m   [0;1mSHOW FIELDS FROM `t_venue_member_info`[0m
  [4;35;1mSQL (0.0ms)[0m   [0mdescribe `t_venue_member_info`[0m
  [4;36;1mSQL (0.0ms)[0m   [0;1mSHOW KEYS FROM `t_venue_member_info`[0m
  [4;35;1mSQL (0.0ms)[0m   [0mSHOW FIELDS FROM `t_venue_user`[0m
  [4;36;1mSQL (15.0ms)[0m   [0;1mdescribe `t_venue_user`[0m
  [4;35;1mSQL (0.0ms)[0m   [0mSHOW KEYS FROM `t_venue_user`[0m
  [4;36;1mSQL (0.0ms)[0m   [0;1mSHOW FIELDS FROM `venueusurls`[0m
  [4;35;1mSQL (0.0ms)[0m   [0mdescribe `venueusurls`[0m
  [4;36;1mSQL (0.0ms)[0m   [0;1mSHOW KEYS FROM `venueusurls`[0m
  [4;36;1mSQL (0.0ms)[0m   [0;1mSET NAMES 'utf8'[0m
  [4;35;1mSQL (0.0ms)[0m   [0mSET SQL_AUTO_IS_NULL=0[0m
  [4;36;1mSQL (0.0ms)[0m   [0;1mSHOW TABLES[0m
  [4;35;1mSQL (0.0ms)[0m   [0mSELECT version FROM schema_migrations[0m
Migrating to CreateUsers (20091208043004)
Migrating to CreateCities (20091208051656)
Migrating to CreateRegions (20091208052140)
Migrating to CreatePages (20091208052157)
  [4;36;1mSQL (0.0ms)[0m   [0;1mSHOW TABLES[0m
  [4;35;1mSQL (0.0ms)[0m   [0mSELECT version FROM schema_migrations[0m
  [4;36;1mSQL (0.0ms)[0m   [0;1mSHOW TABLES[0m
  [4;35;1mSQL (16.0ms)[0m   [0mSHOW FIELDS FROM `festivlogs`[0m
  [4;36;1mSQL (0.0ms)[0m   [0;1mdescribe `festivlogs`[0m
  [4;35;1mSQL (0.0ms)[0m   [0mSHOW KEYS FROM `festivlogs`[0m
  [4;36;1mSQL (0.0ms)[0m   [0;1mSHOW FIELDS FROM `roles`[0m
  [4;35;1mSQL (0.0ms)[0m   [0mdescribe `roles`[0m
  [4;36;1mSQL (0.0ms)[0m   [0;1mSHOW KEYS FROM `roles`[0m
  [4;35;1mSQL (0.0ms)[0m   [0mSHOW FIELDS FROM `roles_users`[0m
  [4;36;1mSQL (0.0ms)[0m   [0;1mdescribe `roles_users`[0m
  [4;35;1mSQL (0.0ms)[0m   [0mSHOW KEYS FROM `roles_users`[0m
  [4;36;1mSQL (0.0ms)[0m   [0;1mSHOW FIELDS FROM `smslogs`[0m
  [4;35;1mSQL (0.0ms)[0m   [0mdescribe `smslogs`[0m
  [4;36;1mSQL (0.0ms)[0m   [0;1mSHOW KEYS FROM `smslogs`[0m
  [4;35;1mSQL (16.0ms)[0m   [0mSHOW FIELDS FROM `t_business_info`[0m
  [4;36;1mSQL (0.0ms)[0m   [0;1mdescribe `t_business_info`[0m
  [4;35;1mSQL (0.0ms)[0m   [0mSHOW KEYS FROM `t_business_info`[0m
  [4;36;1mSQL (0.0ms)[0m   [0;1mSHOW FIELDS FROM `t_card_discount`[0m
  [4;35;1mSQL (0.0ms)[0m   [0mdescribe `t_card_discount`[0m
  [4;36;1mSQL (15.0ms)[0m   [0;1mSHOW KEYS FROM `t_card_discount`[0m
  [4;35;1mSQL (0.0ms)[0m   [0mSHOW FIELDS FROM `t_card_type`[0m
  [4;36;1mSQL (0.0ms)[0m   [0;1mdescribe `t_card_type`[0m
  [4;35;1mSQL (0.0ms)[0m   [0mSHOW KEYS FROM `t_card_type`[0m
  [4;36;1mSQL (0.0ms)[0m   [0;1mSHOW FIELDS FROM `t_card_usage_record`[0m
  [4;35;1mSQL (0.0ms)[0m   [0mdescribe `t_card_usage_record`[0m
  [4;36;1mSQL (0.0ms)[0m   [0;1mSHOW KEYS FROM `t_card_usage_record`[0m
  [4;35;1mSQL (0.0ms)[0m   [0mSHOW FIELDS FROM `t_field_badmintoon`[0m
  [4;36;1mSQL (0.0ms)[0m   [0;1mdescribe `t_field_badmintoon`[0m
  [4;35;1mSQL (0.0ms)[0m   [0mSHOW KEYS FROM `t_field_badmintoon`[0m
  [4;36;1mSQL (0.0ms)[0m   [0;1mSHOW FIELDS FROM `t_field_badmintoon_activity`[0m
  [4;35;1mSQL (16.0ms)[0m   [0mdescribe `t_field_badmintoon_activity`[0m
  [4;36;1mSQL (0.0ms)[0m   [0;1mSHOW KEYS FROM `t_field_badmintoon_activity`[0m
  [4;35;1mSQL (0.0ms)[0m   [0mSHOW FIELDS FROM `t_field_badmintoon_basic_price`[0m
  [4;36;1mSQL (0.0ms)[0m   [0;1mdescribe `t_field_badmintoon_basic_price`[0m
  [4;35;1mSQL (0.0ms)[0m   [0mSHOW KEYS FROM `t_field_badmintoon_basic_price`[0m
  [4;36;1mSQL (0.0ms)[0m   [0;1mSHOW FIELDS FROM `t_field_badmintoon_special_price`[0m
  [4;35;1mSQL (0.0ms)[0m   [0mdescribe `t_field_badmintoon_special_price`[0m
  [4;36;1mSQL (0.0ms)[0m   [0;1mSHOW KEYS FROM `t_field_badmintoon_special_price`[0m
  [4;35;1mSQL (0.0ms)[0m   [0mSHOW FIELDS FROM `t_field_badmintoon_weekend_price`[0m
  [4;36;1mSQL (0.0ms)[0m   [0;1mdescribe `t_field_badmintoon_weekend_price`[0m
  [4;35;1mSQL (0.0ms)[0m   [0mSHOW KEYS FROM `t_field_badmintoon_weekend_price`[0m
  [4;36;1mSQL (16.0ms)[0m   [0;1mSHOW FIELDS FROM `t_field_order`[0m
  [4;35;1mSQL (0.0ms)[0m   [0mdescribe `t_field_order`[0m
  [4;36;1mSQL (0.0ms)[0m   [0;1mSHOW KEYS FROM `t_field_order`[0m
  [4;35;1mSQL (0.0ms)[0m   [0mSHOW FIELDS FROM `t_member_card`[0m
  [4;36;1mSQL (0.0ms)[0m   [0;1mdescribe `t_member_card`[0m
  [4;35;1mSQL (16.0ms)[0m   [0mSHOW KEYS FROM `t_member_card`[0m
  [4;36;1mSQL (0.0ms)[0m   [0;1mSHOW FIELDS FROM `t_sys_user`[0m
  [4;35;1mSQL (0.0ms)[0m   [0mdescribe `t_sys_user`[0m
  [4;36;1mSQL (0.0ms)[0m   [0;1mSHOW KEYS FROM `t_sys_user`[0m
  [4;35;1mSQL (0.0ms)[0m   [0mSHOW FIELDS FROM `t_venue_info`[0m
  [4;36;1mSQL (15.0ms)[0m   [0;1mdescribe `t_venue_info`[0m
  [4;35;1mSQL (0.0ms)[0m   [0mSHOW KEYS FROM `t_venue_info`[0m
  [4;36;1mSQL (0.0ms)[0m   [0;1mSHOW FIELDS FROM `t_venue_member_info`[0m
  [4;35;1mSQL (0.0ms)[0m   [0mdescribe `t_venue_member_info`[0m
  [4;36;1mSQL (0.0ms)[0m   [0;1mSHOW KEYS FROM `t_venue_member_info`[0m
  [4;35;1mSQL (16.0ms)[0m   [0mSHOW FIELDS FROM `t_venue_user`[0m
  [4;36;1mSQL (0.0ms)[0m   [0;1mdescribe `t_venue_user`[0m
  [4;35;1mSQL (0.0ms)[0m   [0mSHOW KEYS FROM `t_venue_user`[0m
  [4;36;1mSQL (0.0ms)[0m   [0;1mSHOW FIELDS FROM `venueusurls`[0m
  [4;35;1mSQL (0.0ms)[0m   [0mdescribe `venueusurls`[0m
  [4;36;1mSQL (15.0ms)[0m   [0;1mSHOW KEYS FROM `venueusurls`[0m
  [4;36;1mSQL (0.0ms)[0m   [0;1mSET NAMES 'utf8'[0m
  [4;35;1mSQL (0.0ms)[0m   [0mSET SQL_AUTO_IS_NULL=0[0m
  [4;36;1mSQL (0.0ms)[0m   [0;1mSHOW TABLES[0m
  [4;35;1mSQL (0.0ms)[0m   [0mSELECT version FROM schema_migrations[0m
Migrating to CreateUsers (20091208043004)
Migrating to CreateCities (20091208051656)
Migrating to CreateRegions (20091208052140)
Migrating to CreatePages (20091208052157)
Migrating to CreateTCardType (20091209023850)
  [4;36;1mSQL (0.0ms)[0m   [0;1mMysql::Error: Table 't_card_type' already exists: CREATE TABLE `t_card_type` (`id` int(11) DEFAULT NULL auto_increment PRIMARY KEY, `created_at` datetime, `updated_at` datetime) ENGINE=InnoDB[0m
  [4;36;1mSQL (0.0ms)[0m   [0;1mSET NAMES 'utf8'[0m
  [4;35;1mSQL (0.0ms)[0m   [0mSET SQL_AUTO_IS_NULL=0[0m
  [4;36;1mSQL (0.0ms)[0m   [0;1mSHOW TABLES[0m
  [4;35;1mSQL (0.0ms)[0m   [0mSELECT version FROM schema_migrations[0m
Migrating to CreateUsers (20091208043004)
Migrating to CreateCities (20091208051656)
Migrating to CreateRegions (20091208052140)
Migrating to CreatePages (20091208052157)
Migrating to CreateTCardType (20091209023850)
  [4;36;1mSQL (0.0ms)[0m   [0;1mMysql::Error: Table 't_card_type' already exists: CREATE TABLE `t_card_type` (`id` int(11) DEFAULT NULL auto_increment PRIMARY KEY, `created_at` datetime, `updated_at` datetime) ENGINE=InnoDB[0m
  [4;36;1mSQL (0.0ms)[0m   [0;1mSET NAMES 'utf8'[0m
  [4;35;1mSQL (0.0ms)[0m   [0mSET SQL_AUTO_IS_NULL=0[0m
  [4;36;1mSQL (0.0ms)[0m   [0;1mSHOW TABLES[0m
  [4;35;1mSQL (0.0ms)[0m   [0mSELECT version FROM schema_migrations[0m
Migrating to CreateUsers (20091208043004)
Migrating to CreateCities (20091208051656)
Migrating to CreateRegions (20091208052140)
Migrating to CreatePages (20091208052157)
  [4;36;1mSQL (16.0ms)[0m   [0;1mSHOW TABLES[0m
  [4;35;1mSQL (0.0ms)[0m   [0mSELECT version FROM schema_migrations[0m
  [4;36;1mSQL (0.0ms)[0m   [0;1mSHOW TABLES[0m
  [4;35;1mSQL (0.0ms)[0m   [0mSHOW FIELDS FROM `festivlogs`[0m
  [4;36;1mSQL (0.0ms)[0m   [0;1mdescribe `festivlogs`[0m
  [4;35;1mSQL (0.0ms)[0m   [0mSHOW KEYS FROM `festivlogs`[0m
  [4;36;1mSQL (15.0ms)[0m   [0;1mSHOW FIELDS FROM `roles`[0m
  [4;35;1mSQL (0.0ms)[0m   [0mdescribe `roles`[0m
  [4;36;1mSQL (0.0ms)[0m   [0;1mSHOW KEYS FROM `roles`[0m
  [4;35;1mSQL (0.0ms)[0m   [0mSHOW FIELDS FROM `roles_users`[0m
  [4;36;1mSQL (16.0ms)[0m   [0;1mdescribe `roles_users`[0m
  [4;35;1mSQL (0.0ms)[0m   [0mSHOW KEYS FROM `roles_users`[0m
  [4;36;1mSQL (0.0ms)[0m   [0;1mSHOW FIELDS FROM `smslogs`[0m
  [4;35;1mSQL (0.0ms)[0m   [0mdescribe `smslogs`[0m
  [4;36;1mSQL (0.0ms)[0m   [0;1mSHOW KEYS FROM `smslogs`[0m
  [4;35;1mSQL (15.0ms)[0m   [0mSHOW FIELDS FROM `t_business_info`[0m
  [4;36;1mSQL (0.0ms)[0m   [0;1mdescribe `t_business_info`[0m
  [4;35;1mSQL (0.0ms)[0m   [0mSHOW KEYS FROM `t_business_info`[0m
  [4;36;1mSQL (0.0ms)[0m   [0;1mSHOW FIELDS FROM `t_card_discount`[0m
  [4;35;1mSQL (16.0ms)[0m   [0mdescribe `t_card_discount`[0m
  [4;36;1mSQL (0.0ms)[0m   [0;1mSHOW KEYS FROM `t_card_discount`[0m
  [4;35;1mSQL (0.0ms)[0m   [0mSHOW FIELDS FROM `t_card_type`[0m
  [4;36;1mSQL (0.0ms)[0m   [0;1mdescribe `t_card_type`[0m
  [4;35;1mSQL (0.0ms)[0m   [0mSHOW KEYS FROM `t_card_type`[0m
  [4;36;1mSQL (16.0ms)[0m   [0;1mSHOW FIELDS FROM `t_card_usage_record`[0m
  [4;35;1mSQL (0.0ms)[0m   [0mdescribe `t_card_usage_record`[0m
  [4;36;1mSQL (0.0ms)[0m   [0;1mSHOW KEYS FROM `t_card_usage_record`[0m
  [4;35;1mSQL (0.0ms)[0m   [0mSHOW FIELDS FROM `t_field_badmintoon`[0m
  [4;36;1mSQL (15.0ms)[0m   [0;1mdescribe `t_field_badmintoon`[0m
  [4;35;1mSQL (0.0ms)[0m   [0mSHOW KEYS FROM `t_field_badmintoon`[0m
  [4;36;1mSQL (0.0ms)[0m   [0;1mSHOW FIELDS FROM `t_field_badmintoon_activity`[0m
  [4;35;1mSQL (0.0ms)[0m   [0mdescribe `t_field_badmintoon_activity`[0m
  [4;36;1mSQL (16.0ms)[0m   [0;1mSHOW KEYS FROM `t_field_badmintoon_activity`[0m
  [4;35;1mSQL (0.0ms)[0m   [0mSHOW FIELDS FROM `t_field_badmintoon_basic_price`[0m
  [4;36;1mSQL (0.0ms)[0m   [0;1mdescribe `t_field_badmintoon_basic_price`[0m
  [4;35;1mSQL (0.0ms)[0m   [0mSHOW KEYS FROM `t_field_badmintoon_basic_price`[0m
  [4;36;1mSQL (16.0ms)[0m   [0;1mSHOW FIELDS FROM `t_field_badmintoon_special_price`[0m
  [4;35;1mSQL (0.0ms)[0m   [0mdescribe `t_field_badmintoon_special_price`[0m
  [4;36;1mSQL (0.0ms)[0m   [0;1mSHOW KEYS FROM `t_field_badmintoon_special_price`[0m
  [4;35;1mSQL (0.0ms)[0m   [0mSHOW FIELDS FROM `t_field_badmintoon_weekend_price`[0m
  [4;36;1mSQL (0.0ms)[0m   [0;1mdescribe `t_field_badmintoon_weekend_price`[0m
  [4;35;1mSQL (0.0ms)[0m   [0mSHOW KEYS FROM `t_field_badmintoon_weekend_price`[0m
  [4;36;1mSQL (0.0ms)[0m   [0;1mSHOW FIELDS FROM `t_field_order`[0m
  [4;35;1mSQL (0.0ms)[0m   [0mdescribe `t_field_order`[0m
  [4;36;1mSQL (0.0ms)[0m   [0;1mSHOW KEYS FROM `t_field_order`[0m
  [4;35;1mSQL (16.0ms)[0m   [0mSHOW FIELDS FROM `t_member_card`[0m
  [4;36;1mSQL (0.0ms)[0m   [0;1mdescribe `t_member_card`[0m
  [4;35;1mSQL (0.0ms)[0m   [0mSHOW KEYS FROM `t_member_card`[0m
  [4;36;1mSQL (0.0ms)[0m   [0;1mSHOW FIELDS FROM `t_sys_user`[0m
  [4;35;1mSQL (15.0ms)[0m   [0mdescribe `t_sys_user`[0m
  [4;36;1mSQL (0.0ms)[0m   [0;1mSHOW KEYS FROM `t_sys_user`[0m
  [4;35;1mSQL (0.0ms)[0m   [0mSHOW FIELDS FROM `t_venue_info`[0m
  [4;36;1mSQL (0.0ms)[0m   [0;1mdescribe `t_venue_info`[0m
  [4;35;1mSQL (0.0ms)[0m   [0mSHOW KEYS FROM `t_venue_info`[0m
  [4;36;1mSQL (16.0ms)[0m   [0;1mSHOW FIELDS FROM `t_venue_member_info`[0m
  [4;35;1mSQL (0.0ms)[0m   [0mdescribe `t_venue_member_info`[0m
  [4;36;1mSQL (0.0ms)[0m   [0;1mSHOW KEYS FROM `t_venue_member_info`[0m
  [4;35;1mSQL (16.0ms)[0m   [0mSHOW FIELDS FROM `t_venue_user`[0m
  [4;36;1mSQL (0.0ms)[0m   [0;1mdescribe `t_venue_user`[0m
  [4;35;1mSQL (0.0ms)[0m   [0mSHOW KEYS FROM `t_venue_user`[0m
  [4;36;1mSQL (0.0ms)[0m   [0;1mSHOW FIELDS FROM `venueusurls`[0m
  [4;35;1mSQL (15.0ms)[0m   [0mdescribe `venueusurls`[0m
  [4;36;1mSQL (0.0ms)[0m   [0;1mSHOW KEYS FROM `venueusurls`[0m
  [4;36;1mSQL (0.0ms)[0m   [0;1mSET NAMES 'utf8'[0m
  [4;35;1mSQL (0.0ms)[0m   [0mSET SQL_AUTO_IS_NULL=0[0m
  [4;36;1mSQL (0.0ms)[0m   [0;1mSHOW TABLES[0m
  [4;35;1mSQL (0.0ms)[0m   [0mSELECT version FROM schema_migrations[0m
Migrating to CreateUsers (20091208043004)
Migrating to CreateCities (20091208051656)
Migrating to CreateRegions (20091208052140)
Migrating to CreatePages (20091208052157)
Migrating to CreateTests (20091209074810)
  [4;36;1mSQL (63.0ms)[0m   [0;1mCREATE TABLE `tests` (`id` int(11) DEFAULT NULL auto_increment PRIMARY KEY, `email` varchar(255)) ENGINE=InnoDB[0m
  [4;35;1mSQL (15.0ms)[0m   [0mINSERT INTO schema_migrations (version) VALUES ('20091209074810')[0m
  [4;36;1mSQL (0.0ms)[0m   [0;1mSHOW TABLES[0m
  [4;35;1mSQL (0.0ms)[0m   [0mSELECT version FROM schema_migrations[0m
  [4;36;1mSQL (0.0ms)[0m   [0;1mSHOW TABLES[0m
  [4;35;1mSQL (0.0ms)[0m   [0mSHOW FIELDS FROM `festivlogs`[0m
  [4;36;1mSQL (15.0ms)[0m   [0;1mdescribe `festivlogs`[0m
  [4;35;1mSQL (0.0ms)[0m   [0mSHOW KEYS FROM `festivlogs`[0m
  [4;36;1mSQL (0.0ms)[0m   [0;1mSHOW FIELDS FROM `roles`[0m
  [4;35;1mSQL (0.0ms)[0m   [0mdescribe `roles`[0m
  [4;36;1mSQL (0.0ms)[0m   [0;1mSHOW KEYS FROM `roles`[0m
  [4;35;1mSQL (0.0ms)[0m   [0mSHOW FIELDS FROM `roles_users`[0m
  [4;36;1mSQL (0.0ms)[0m   [0;1mdescribe `roles_users`[0m
  [4;35;1mSQL (0.0ms)[0m   [0mSHOW KEYS FROM `roles_users`[0m
  [4;36;1mSQL (0.0ms)[0m   [0;1mSHOW FIELDS FROM `smslogs`[0m
  [4;35;1mSQL (0.0ms)[0m   [0mdescribe `smslogs`[0m
  [4;36;1mSQL (0.0ms)[0m   [0;1mSHOW KEYS FROM `smslogs`[0m
  [4;35;1mSQL (16.0ms)[0m   [0mSHOW FIELDS FROM `t_business_info`[0m
  [4;36;1mSQL (0.0ms)[0m   [0;1mdescribe `t_business_info`[0m
  [4;35;1mSQL (0.0ms)[0m   [0mSHOW KEYS FROM `t_business_info`[0m
  [4;36;1mSQL (0.0ms)[0m   [0;1mSHOW FIELDS FROM `t_card_discount`[0m
  [4;35;1mSQL (0.0ms)[0m   [0mdescribe `t_card_discount`[0m
  [4;36;1mSQL (0.0ms)[0m   [0;1mSHOW KEYS FROM `t_card_discount`[0m
  [4;35;1mSQL (15.0ms)[0m   [0mSHOW FIELDS FROM `t_card_type`[0m
  [4;36;1mSQL (0.0ms)[0m   [0;1mdescribe `t_card_type`[0m
  [4;35;1mSQL (0.0ms)[0m   [0mSHOW KEYS FROM `t_card_type`[0m
  [4;36;1mSQL (0.0ms)[0m   [0;1mSHOW FIELDS FROM `t_card_usage_record`[0m
  [4;35;1mSQL (0.0ms)[0m   [0mdescribe `t_card_usage_record`[0m
  [4;36;1mSQL (0.0ms)[0m   [0;1mSHOW KEYS FROM `t_card_usage_record`[0m
  [4;35;1mSQL (16.0ms)[0m   [0mSHOW FIELDS FROM `t_field_badmintoon`[0m
  [4;36;1mSQL (0.0ms)[0m   [0;1mdescribe `t_field_badmintoon`[0m
  [4;35;1mSQL (0.0ms)[0m   [0mSHOW KEYS FROM `t_field_badmintoon`[0m
  [4;36;1mSQL (0.0ms)[0m   [0;1mSHOW FIELDS FROM `t_field_badmintoon_activity`[0m
  [4;35;1mSQL (0.0ms)[0m   [0mdescribe `t_field_badmintoon_activity`[0m
  [4;36;1mSQL (15.0ms)[0m   [0;1mSHOW KEYS FROM `t_field_badmintoon_activity`[0m
  [4;35;1mSQL (0.0ms)[0m   [0mSHOW FIELDS FROM `t_field_badmintoon_basic_price`[0m
  [4;36;1mSQL (0.0ms)[0m   [0;1mdescribe `t_field_badmintoon_basic_price`[0m
  [4;35;1mSQL (0.0ms)[0m   [0mSHOW KEYS FROM `t_field_badmintoon_basic_price`[0m
  [4;36;1mSQL (0.0ms)[0m   [0;1mSHOW FIELDS FROM `t_field_badmintoon_special_price`[0m
  [4;35;1mSQL (0.0ms)[0m   [0mdescribe `t_field_badmintoon_special_price`[0m
  [4;36;1mSQL (0.0ms)[0m   [0;1mSHOW KEYS FROM `t_field_badmintoon_special_price`[0m
  [4;35;1mSQL (0.0ms)[0m   [0mSHOW FIELDS FROM `t_field_badmintoon_weekend_price`[0m
  [4;36;1mSQL (0.0ms)[0m   [0;1mdescribe `t_field_badmintoon_weekend_price`[0m
  [4;35;1mSQL (0.0ms)[0m   [0mSHOW KEYS FROM `t_field_badmintoon_weekend_price`[0m
  [4;36;1mSQL (0.0ms)[0m   [0;1mSHOW FIELDS FROM `t_field_order`[0m
  [4;35;1mSQL (16.0ms)[0m   [0mdescribe `t_field_order`[0m
  [4;36;1mSQL (0.0ms)[0m   [0;1mSHOW KEYS FROM `t_field_order`[0m
  [4;35;1mSQL (0.0ms)[0m   [0mSHOW FIELDS FROM `t_member_card`[0m
  [4;36;1mSQL (0.0ms)[0m   [0;1mdescribe `t_member_card`[0m
  [4;35;1mSQL (0.0ms)[0m   [0mSHOW KEYS FROM `t_member_card`[0m
  [4;36;1mSQL (0.0ms)[0m   [0;1mSHOW FIELDS FROM `t_sys_user`[0m
  [4;35;1mSQL (0.0ms)[0m   [0mdescribe `t_sys_user`[0m
  [4;36;1mSQL (0.0ms)[0m   [0;1mSHOW KEYS FROM `t_sys_user`[0m
  [4;35;1mSQL (0.0ms)[0m   [0mSHOW FIELDS FROM `t_venue_info`[0m
  [4;36;1mSQL (0.0ms)[0m   [0;1mdescribe `t_venue_info`[0m
  [4;35;1mSQL (0.0ms)[0m   [0mSHOW KEYS FROM `t_venue_info`[0m
  [4;36;1mSQL (16.0ms)[0m   [0;1mSHOW FIELDS FROM `t_venue_member_info`[0m
  [4;35;1mSQL (0.0ms)[0m   [0mdescribe `t_venue_member_info`[0m
  [4;36;1mSQL (0.0ms)[0m   [0;1mSHOW KEYS FROM `t_venue_member_info`[0m
  [4;35;1mSQL (0.0ms)[0m   [0mSHOW FIELDS FROM `t_venue_user`[0m
  [4;36;1mSQL (0.0ms)[0m   [0;1mdescribe `t_venue_user`[0m
  [4;35;1mSQL (0.0ms)[0m   [0mSHOW KEYS FROM `t_venue_user`[0m
  [4;36;1mSQL (0.0ms)[0m   [0;1mSHOW FIELDS FROM `tests`[0m
  [4;35;1mSQL (0.0ms)[0m   [0mdescribe `tests`[0m
  [4;36;1mSQL (0.0ms)[0m   [0;1mSHOW KEYS FROM `tests`[0m
  [4;35;1mSQL (0.0ms)[0m   [0mSHOW FIELDS FROM `venueusurls`[0m
  [4;36;1mSQL (15.0ms)[0m   [0;1mdescribe `venueusurls`[0m
  [4;35;1mSQL (0.0ms)[0m   [0mSHOW KEYS FROM `venueusurls`[0m
  [4;36;1mSQL (0.0ms)[0m   [0;1mSET NAMES 'utf8'[0m
  [4;35;1mSQL (0.0ms)[0m   [0mSET SQL_AUTO_IS_NULL=0[0m
  [4;36;1mSQL (0.0ms)[0m   [0;1mSHOW TABLES[0m
  [4;35;1mSQL (47.0ms)[0m   [0mCREATE TABLE `schema_migrations` (`version` varchar(255) NOT NULL) ENGINE=InnoDB[0m
  [4;36;1mSQL (125.0ms)[0m   [0;1mCREATE UNIQUE INDEX `unique_schema_migrations` ON `schema_migrations` (`version`)[0m
  [4;35;1mSQL (0.0ms)[0m   [0mSHOW TABLES[0m
  [4;36;1mSQL (16.0ms)[0m   [0;1mSELECT version FROM schema_migrations[0m
Migrating to CreateUsers (20091208043004)
  [4;35;1mSQL (0.0ms)[0m   [0mSHOW TABLES[0m
  [4;36;1mSQL (62.0ms)[0m   [0;1mCREATE TABLE `users` (`id` int(11) DEFAULT NULL auto_increment PRIMARY KEY, `login` varchar(255), `email` varchar(255), `crypted_password` varchar(40), `salt` varchar(40), `created_at` datetime, `updated_at` datetime, `remember_token` varchar(255), `remember_token_expires_at` datetime, `cell` varchar(13), `is_admin` tinyint(1)) ENGINE=InnoDB[0m
  [4;35;1mSQL (31.0ms)[0m   [0mINSERT INTO schema_migrations (version) VALUES ('20091208043004')[0m
Migrating to CreateCities (20091208051656)
  [4;36;1mSQL (63.0ms)[0m   [0;1mCREATE TABLE `cities` (`id` int(11) DEFAULT NULL auto_increment PRIMARY KEY, `name` varchar(255)) ENGINE=InnoDB[0m
  [4;35;1mSQL (15.0ms)[0m   [0mINSERT INTO schema_migrations (version) VALUES ('20091208051656')[0m
Migrating to CreateRegions (20091208052140)
  [4;36;1mSQL (78.0ms)[0m   [0;1mCREATE TABLE `regions` (`id` int(11) DEFAULT NULL auto_increment PRIMARY KEY, `name` varchar(255), `city_id` int(11)) ENGINE=InnoDB[0m
  [4;35;1mSQL (16.0ms)[0m   [0mINSERT INTO schema_migrations (version) VALUES ('20091208052140')[0m
Migrating to CreatePages (20091208052157)
  [4;36;1mSQL (63.0ms)[0m   [0;1mCREATE TABLE `pages` (`id` int(11) DEFAULT NULL auto_increment PRIMARY KEY, `title` varchar(255), `content` varchar(255), `parent_id` int(11)) ENGINE=InnoDB[0m
  [4;35;1mSQL (16.0ms)[0m   [0mINSERT INTO schema_migrations (version) VALUES ('20091208052157')[0m
Migrating to CreateTests (20091209074810)
  [4;36;1mSQL (63.0ms)[0m   [0;1mCREATE TABLE `tests` (`id` int(11) DEFAULT NULL auto_increment PRIMARY KEY, `email` varchar(255)) ENGINE=InnoDB[0m
  [4;35;1mSQL (15.0ms)[0m   [0mINSERT INTO schema_migrations (version) VALUES ('20091209074810')[0m
  [4;36;1mSQL (0.0ms)[0m   [0;1mSHOW TABLES[0m
  [4;35;1mSQL (0.0ms)[0m   [0mSELECT version FROM schema_migrations[0m
  [4;36;1mSQL (0.0ms)[0m   [0;1mSHOW TABLES[0m
  [4;35;1mSQL (15.0ms)[0m   [0mSHOW FIELDS FROM `cities`[0m
  [4;36;1mSQL (0.0ms)[0m   [0;1mdescribe `cities`[0m
  [4;35;1mSQL (0.0ms)[0m   [0mSHOW KEYS FROM `cities`[0m
  [4;36;1mSQL (0.0ms)[0m   [0;1mSHOW FIELDS FROM `pages`[0m
  [4;35;1mSQL (0.0ms)[0m   [0mdescribe `pages`[0m
  [4;36;1mSQL (0.0ms)[0m   [0;1mSHOW KEYS FROM `pages`[0m
  [4;35;1mSQL (16.0ms)[0m   [0mSHOW FIELDS FROM `regions`[0m
  [4;36;1mSQL (0.0ms)[0m   [0;1mdescribe `regions`[0m
  [4;35;1mSQL (0.0ms)[0m   [0mSHOW KEYS FROM `regions`[0m
  [4;36;1mSQL (0.0ms)[0m   [0;1mSHOW FIELDS FROM `tests`[0m
  [4;35;1mSQL (0.0ms)[0m   [0mdescribe `tests`[0m
  [4;36;1mSQL (0.0ms)[0m   [0;1mSHOW KEYS FROM `tests`[0m
  [4;35;1mSQL (16.0ms)[0m   [0mSHOW FIELDS FROM `users`[0m
  [4;36;1mSQL (0.0ms)[0m   [0;1mdescribe `users`[0m
  [4;35;1mSQL (0.0ms)[0m   [0mSHOW KEYS FROM `users`[0m
